# JRE version: OpenJDK Runtime Environment Temurin-17.0.18+8 (17.0.18+8) (build 17.0.18+8)
# Java VM: OpenJDK 64-Bit Server VM Temurin-17.0.18+8 (17.0.18+8, mixed mode, sharing, tiered, compressed oops, compressed class ptrs, g1 gc, windows-amd64)
GC Precious Log:
 CPUs: 4 total, 4 available
 Memory: 8088M
 Large Page Support: Disabled
 NUMA Support: Disabled
 Compressed Oops: Enabled (Zero based)
 Heap Region Size: 8M
 Heap Min Capacity: 8M
 Heap Initial Capacity: 128M
 Heap Max Capacity: 16G
 Pre-touch: Disabled
 Parallel Workers: 4
 Concurrent Workers: 1
 Concurrent Refinement Workers: 4
 Periodic GC: Disabled
Heap:
 garbage-first heap   total 1474560K, used 746461K [0x0000000400000000, 0x0000000800000000)
  region size 8192K, 1 young (8192K), 1 survivors (8192K)
 Metaspace       used 91934K, committed 92864K, reserved 1179648K
  class space    used 11840K, committed 12288K, reserved 1048576K
GC Heap History (20 events):
Event: 498.087 GC heap after
{Heap after GC invocations=72 (full 0):
 garbage-first heap   total 868352K, used 322840K [0x0000000400000000, 0x0000000800000000)
  region size 8192K, 4 young (32768K), 4 survivors (32768K)
 Metaspace       used 91398K, committed 92352K, reserved 1179648K
  class space    used 11794K, committed 12224K, reserved 1048576K
}
Event: 499.098 GC heap before
{Heap before GC invocations=72 (full 0):
 garbage-first heap   total 868352K, used 650520K [0x0000000400000000, 0x0000000800000000)
  region size 8192K, 45 young (368640K), 4 survivors (32768K)
 Metaspace       used 91399K, committed 92352K, reserved 1179648K
  class space    used 11794K, committed 12224K, reserved 1048576K
}
Event: 499.167 GC heap after
{Heap after GC invocations=73 (full 0):
 garbage-first heap   total 868352K, used 382978K [0x0000000400000000, 0x0000000800000000)
  region size 8192K, 6 young (49152K), 6 survivors (49152K)
 Metaspace       used 91399K, committed 92352K, reserved 1179648K
  class space    used 11794K, committed 12224K, reserved 1048576K
}
Event: 500.487 GC heap before
{Heap before GC invocations=73 (full 0):
 garbage-first heap   total 868352K, used 677890K [0x0000000400000000, 0x0000000800000000)
  region size 8192K, 42 young (344064K), 6 survivors (49152K)
 Metaspace       used 91400K, committed 92352K, reserved 1179648K
  class space    used 11794K, committed 12224K, reserved 1048576K
}
Event: 500.588 GC heap after
{Heap after GC invocations=74 (full 0):
 garbage-first heap   total 868352K, used 436014K [0x0000000400000000, 0x0000000800000000)
  region size 8192K, 6 young (49152K), 6 survivors (49152K)
 Metaspace       used 91400K, committed 92352K, reserved 1179648K
  class space    used 11794K, committed 12224K, reserved 1048576K
}
Event: 502.234 GC heap before
{Heap before GC invocations=74 (full 0):
 garbage-first heap   total 868352K, used 673582K [0x0000000400000000, 0x0000000800000000)
  region size 8192K, 36 young (294912K), 6 survivors (49152K)
 Metaspace       used 91424K, committed 92352K, reserved 1179648K
  class space    used 11799K, committed 12224K, reserved 1048576K
}
Event: 502.323 GC heap after
{Heap after GC invocations=75 (full 0):
 garbage-first heap   total 1048576K, used 510437K [0x0000000400000000, 0x0000000800000000)
  region size 8192K, 5 young (40960K), 5 survivors (40960K)
 Metaspace       used 91424K, committed 92352K, reserved 1179648K
  class space    used 11799K, committed 12224K, reserved 1048576K
}
Event: 502.958 GC heap before
{Heap before GC invocations=75 (full 0):
 garbage-first heap   total 1048576K, used 788965K [0x0000000400000000, 0x0000000800000000)
  region size 8192K, 39 young (319488K), 5 survivors (40960K)
 Metaspace       used 91432K, committed 92352K, reserved 1179648K
  class space    used 11799K, committed 12224K, reserved 1048576K
}
Event: 503.174 GC heap after
{Heap after GC invocations=76 (full 0):
 garbage-first heap   total 1105920K, used 784786K [0x0000000400000000, 0x0000000800000000)
  region size 8192K, 5 young (40960K), 5 survivors (40960K)
 Metaspace       used 91432K, committed 92352K, reserved 1179648K
  class space    used 11799K, committed 12224K, reserved 1048576K
}
Event: 504.087 GC heap before
{Heap before GC invocations=77 (full 0):
 garbage-first heap   total 1310720K, used 833938K [0x0000000400000000, 0x0000000800000000)
  region size 8192K, 14 young (114688K), 5 survivors (40960K)
 Metaspace       used 91494K, committed 92416K, reserved 1179648K
  class space    used 11804K, committed 12224K, reserved 1048576K
}
Event: 504.150 GC heap after
{Heap after GC invocations=78 (full 0):
 garbage-first heap   total 1310720K, used 790528K [0x0000000400000000, 0x0000000800000000)
  region size 8192K, 2 young (16384K), 2 survivors (16384K)
 Metaspace       used 91494K, committed 92416K, reserved 1179648K
  class space    used 11804K, committed 12224K, reserved 1048576K
}
Event: 504.480 GC heap before
{Heap before GC invocations=78 (full 0):
 garbage-first heap   total 1310720K, used 839680K [0x0000000400000000, 0x0000000800000000)
  region size 8192K, 8 young (65536K), 2 survivors (16384K)
 Metaspace       used 91494K, committed 92416K, reserved 1179648K
  class space    used 11804K, committed 12224K, reserved 1048576K
}
Event: 504.506 GC heap after
{Heap after GC invocations=79 (full 0):
 garbage-first heap   total 1310720K, used 754091K [0x0000000400000000, 0x0000000800000000)
  region size 8192K, 1 young (8192K), 1 survivors (8192K)
 Metaspace       used 91494K, committed 92416K, reserved 1179648K
  class space    used 11804K, committed 12224K, reserved 1048576K
}
Event: 505.612 GC heap before
{Heap before GC invocations=79 (full 0):
 garbage-first heap   total 1310720K, used 917931K [0x0000000400000000, 0x0000000800000000)
  region size 8192K, 22 young (180224K), 1 survivors (8192K)
 Metaspace       used 91908K, committed 92864K, reserved 1179648K
  class space    used 11839K, committed 12288K, reserved 1048576K
}
Event: 505.636 GC heap after
{Heap after GC invocations=80 (full 0):
 garbage-first heap   total 1310720K, used 756949K [0x0000000400000000, 0x0000000800000000)
  region size 8192K, 1 young (8192K), 1 survivors (8192K)
 Metaspace       used 91908K, committed 92864K, reserved 1179648K
  class space    used 11839K, committed 12288K, reserved 1048576K
}
Event: 507.875 GC heap before
{Heap before GC invocations=80 (full 0):
 garbage-first heap   total 1474560K, used 937173K [0x0000000400000000, 0x0000000800000000)
  region size 8192K, 23 young (188416K), 1 survivors (8192K)
 Metaspace       used 91931K, committed 92864K, reserved 1179648K
  class space    used 11840K, committed 12288K, reserved 1048576K
}
Event: 507.895 GC heap after
{Heap after GC invocations=81 (full 0):
 garbage-first heap   total 1474560K, used 759063K [0x0000000400000000, 0x0000000800000000)
  region size 8192K, 2 young (16384K), 2 survivors (16384K)
 Metaspace       used 91931K, committed 92864K, reserved 1179648K
  class space    used 11840K, committed 12288K, reserved 1048576K
}
Event: 508.905 GC heap before
{Heap before GC invocations=82 (full 0):
 garbage-first heap   total 1474560K, used 1013015K [0x0000000400000000, 0x0000000800000000)
  region size 8192K, 33 young (270336K), 2 survivors (16384K)
 Metaspace       used 91934K, committed 92864K, reserved 1179648K
  class space    used 11840K, committed 12288K, reserved 1048576K
}
Event: 508.924 GC heap after
{Heap after GC invocations=83 (full 0):
 garbage-first heap   total 1474560K, used 761480K [0x0000000400000000, 0x0000000800000000)
  region size 8192K, 2 young (16384K), 2 survivors (16384K)
 Metaspace       used 91934K, committed 92864K, reserved 1179648K
  class space    used 11840K, committed 12288K, reserved 1048576K
}
Event: 509.138 GC heap before
{Heap before GC invocations=83 (full 0):
 garbage-first heap   total 1474560K, used 818824K [0x0000000400000000, 0x0000000800000000)
  region size 8192K, 10 young (81920K), 2 survivors (16384K)
 Metaspace       used 91934K, committed 92864K, reserved 1179648K
  class space    used 11840K, committed 12288K, reserved 1048576K
}

